<?xml version="1.0" encoding="UTF-8"?>
<!-- Generated by org.testng.reporters.JUnitXMLReporter -->
<testsuite hostname="user" ignored="0" name="Test" tests="2" failures="0" timestamp="2020-07-27T11:58:59 IST" time="0.26" errors="0">
  <testcase name="@BeforeMethod beforeM" time="-1.595831339081E9" classname="seleniumDemo.Demo1">
    <failure type="org.testng.TestNGException" message="
Can inject only one of &amp;lt;ITestContext, XmlTest, Method, Object[], ITestResult&amp;gt; into a @BeforeMethod annotated beforeM.
For more information on native dependency injection please refer to https://testng.org/doc/documentation-main.html#native-dependency-injection">
      <![CDATA[org.testng.TestNGException: 
Can inject only one of <ITestContext, XmlTest, Method, Object[], ITestResult> into a @BeforeMethod annotated beforeM.
For more information on native dependency injection please refer to https://testng.org/doc/documentation-main.html#native-dependency-injection
at java.util.ArrayList.forEach(Unknown Source)
... Removed 28 stack frames]]>
    </failure>
  </testcase> <!-- @BeforeMethod beforeM -->
  <testcase name="@AfterMethod afterM" time="-1.595831339146E9" classname="seleniumDemo.Demo1">
    <skipped/>
  </testcase> <!-- @AfterMethod afterM -->
  <testcase name="@BeforeMethod beforeM" time="-1.595831339158E9" classname="seleniumDemo.Demo1">
    <skipped/>
  </testcase> <!-- @BeforeMethod beforeM -->
  <testcase name="@AfterMethod afterM" time="-1.595831339186E9" classname="seleniumDemo.Demo1">
    <skipped/>
  </testcase> <!-- @AfterMethod afterM -->
  <testcase name="@AfterTest AfterT" time="-1.5958313392E9" classname="seleniumDemo.Demo1">
    <skipped/>
  </testcase> <!-- @AfterTest AfterT -->
  <testcase name="@AfterTest afterT" time="-1.595831339206E9" classname="seleniumDemo.Demo1">
    <skipped/>
  </testcase> <!-- @AfterTest afterT -->
  <testcase name="m1" time="0.0" classname="seleniumDemo.Demo1">
    <skipped/>
  </testcase> <!-- m1 -->
  <testcase name="m2" time="0.0" classname="seleniumDemo.Demo1">
    <skipped/>
  </testcase> <!-- m2 -->
</testsuite> <!-- Test -->
